% Shemat-Suite version: SHEMAT-Suite 9.0 (Freely)                                                       
%          build: 2020-07-31 10:56:23 [UTC]               
%   build command line: PROPS=bas USER=none COMPTYPE=                                                                                                                                                                                                                                   
%        Project: "PCT_base_model"
%
%    <iteration> <delta head> <delta temp> (<delta conc> ...)
          1 -0.42259841E+03  0.41220542E+01
          2 -0.63528709E+01  0.63575650E+01
          3 -0.28619298E+01  0.92814155E+01
          4 -0.16679064E+01  0.10566812E+02
          5 -0.41696183E+01 -0.76013045E+01
          6  0.49511640E+01  0.70178632E+01
          7  0.10364619E+01 -0.82087093E+01
          8  0.41198686E+01 -0.93060410E+01
          9  0.46015607E+01 -0.38816810E+01
         10  0.88886787E+00 -0.29327192E+01
         11  0.67503638E+00 -0.31138983E+01
         12  0.74465047E+00 -0.20348566E+01
         13 -0.12570231E+01 -0.17975430E+01
         14 -0.13387001E+01 -0.15079047E+01
         15 -0.10410874E+01 -0.15455603E+01
         16 -0.41517811E+00  0.13765018E+01
         17 -0.19396249E+00  0.12765503E+01
         18  0.12890425E+00 -0.12061953E+01
         19 -0.33861238E+00  0.00000000E+00
         20  0.00000000E+00  0.00000000E+00
